Using pre-set license
Built from '2020.3/staging' branch; Version is '2020.3.10f1 (297d780c91bc) revision 2719096'; Using compiler version '192528614'; Build Type 'Release'
OS: 'Windows 10 Home; OS build 19042.985; Version 2009; 64bit' Language: 'ru' Physical Memory: 3947 MB
BatchMode: 1, IsHumanControllingUs: 0, StartBugReporterOnCrash: 0, Is64bit: 1, IsPro: 0

 COMMAND LINE ARGUMENTS:
C:\Program Files\Unity\2020.3.10f1\Editor\Unity.exe
-adb2
-batchMode
-noUpm
-name
AssetImportWorker1
-projectPath
C:/Users/1/Desktop/Обучающий проект/TubeRace
-logFile
Logs/AssetImportWorker1.log
-srvPort
49810
Successfully changed project path to: C:/Users/1/Desktop/Обучающий проект/TubeRace
C:/Users/1/Desktop/Обучающий проект/TubeRace
Using Asset Import Pipeline V2.
Refreshing native plugins compatible for Editor in 202.30 ms, found 2 plugins.
Preloading 0 native plugins for Editor in 0.00 ms.
Initialize engine version: 2020.3.10f1 (297d780c91bc)
[Subsystems] Discovering subsystems at path C:/Program Files/Unity/2020.3.10f1/Editor/Data/Resources/UnitySubsystems
[Subsystems] Discovering subsystems at path C:/Users/1/Desktop/Обучающий проект/TubeRace/Assets
GfxDevice: creating device client; threaded=0
Direct3D:
    Version:  Direct3D 11.0 [level 11.0]
    Renderer: NVIDIA GeForce GT 630M (ID=0xde9)
    Vendor:   
    VRAM:     978 MB
    Driver:   21.21.13.7654
Initialize mono
Mono path[0] = 'C:/Program Files/Unity/2020.3.10f1/Editor/Data/Managed'
Mono path[1] = 'C:/Program Files/Unity/2020.3.10f1/Editor/Data/MonoBleedingEdge/lib/mono/unityjit'
Mono config path = 'C:/Program Files/Unity/2020.3.10f1/Editor/Data/MonoBleedingEdge/etc'
Using monoOptions --debugger-agent=transport=dt_socket,embedding=1,server=y,suspend=n,address=127.0.0.1:56640
Begin MonoManager ReloadAssembly
Registering precompiled unity dll's ...
Register platform support module: C:/Program Files/Unity/2020.3.10f1/Editor/Data/PlaybackEngines/WindowsStandaloneSupport/UnityEditor.WindowsStandalone.Extensions.dll
Registered in 0.010005 seconds.
Native extension for WindowsStandalone target not found
Refreshing native plugins compatible for Editor in 179.25 ms, found 2 plugins.
Preloading 0 native plugins for Editor in 0.00 ms.
Mono: successfully reloaded assembly
- Completed reload, in  7.877 seconds
Platform modules already initialized, skipping
Registering precompiled user dll's ...
Registered in 0.028927 seconds.
Begin MonoManager ReloadAssembly
Native extension for WindowsStandalone target not found
Refreshing native plugins compatible for Editor in 1.32 ms, found 2 plugins.
Preloading 0 native plugins for Editor in 0.00 ms.
Mono: successfully reloaded assembly
- Completed reload, in  8.131 seconds
Platform modules already initialized, skipping
========================================================================
Worker process is ready to serve import requests
Launched and connected shader compiler UnityShaderCompiler.exe after 0.43 seconds
Refreshing native plugins compatible for Editor in 1.51 ms, found 2 plugins.
Preloading 0 native plugins for Editor in 0.00 ms.
Unloading 1397 Unused Serialized files (Serialized files now loaded: 0)
System memory in use before: 65.0 MB.
System memory in use after: 65.1 MB.

Unloading 19 unused Assets to reduce memory usage. Loaded Objects now: 1831.
Total: 9.869800 ms (FindLiveObjects: 0.463200 ms CreateObjectMapping: 0.233600 ms MarkObjects: 8.679600 ms  DeleteObjects: 0.487600 ms)

========================================================================
Received Prepare
Registering precompiled user dll's ...
Registered in 0.005886 seconds.
Begin MonoManager ReloadAssembly
Native extension for WindowsStandalone target not found
Refreshing native plugins compatible for Editor in 0.53 ms, found 2 plugins.
Preloading 0 native plugins for Editor in 0.00 ms.
Mono: successfully reloaded assembly
- Completed reload, in  2.078 seconds
Platform modules already initialized, skipping
Refreshing native plugins compatible for Editor in 0.52 ms, found 2 plugins.
Preloading 0 native plugins for Editor in 0.00 ms.
Unloading 1392 Unused Serialized files (Serialized files now loaded: 0)
System memory in use before: 64.9 MB.
System memory in use after: 65.0 MB.

Unloading 14 unused Assets to reduce memory usage. Loaded Objects now: 1834.
Total: 3.285600 ms (FindLiveObjects: 0.325700 ms CreateObjectMapping: 0.088100 ms MarkObjects: 2.766400 ms  DeleteObjects: 0.103100 ms)

========================================================================
Received Import Request.
  path: Assets/Scripts/BikeHudViewController.cs
  artifactKey: Guid(4890d1bd03fe4ce41acfdd78df8276e4) Importer(815301076,1909f56bfc062723c751e8b465ee728b)
Start importing Assets/Scripts/BikeHudViewController.cs using Guid(4890d1bd03fe4ce41acfdd78df8276e4) Importer(815301076,1909f56bfc062723c751e8b465ee728b)  -> (artifact id: '4b4aac97bb21c870dc8b2b7b9f1cc7c4') in 0.170853 seconds
  Import took 0.176502 seconds .

========================================================================
Received Prepare
Registering precompiled user dll's ...
Registered in 0.025202 seconds.
Begin MonoManager ReloadAssembly
Native extension for WindowsStandalone target not found
Refreshing native plugins compatible for Editor in 0.70 ms, found 2 plugins.
Preloading 0 native plugins for Editor in 0.00 ms.
Mono: successfully reloaded assembly
- Completed reload, in  3.051 seconds
Platform modules already initialized, skipping
Refreshing native plugins compatible for Editor in 0.68 ms, found 2 plugins.
Preloading 0 native plugins for Editor in 0.00 ms.
Unloading 1392 Unused Serialized files (Serialized files now loaded: 0)
System memory in use before: 65.0 MB.
System memory in use after: 65.1 MB.

Unloading 14 unused Assets to reduce memory usage. Loaded Objects now: 1837.
Total: 3.953500 ms (FindLiveObjects: 0.243100 ms CreateObjectMapping: 0.113800 ms MarkObjects: 3.475900 ms  DeleteObjects: 0.117700 ms)

========================================================================
Received Import Request.
  Time since last request: 77.988412 seconds.
  path: Assets/Scripts/BikeHudViewController.cs
  artifactKey: Guid(4890d1bd03fe4ce41acfdd78df8276e4) Importer(815301076,1909f56bfc062723c751e8b465ee728b)
Start importing Assets/Scripts/BikeHudViewController.cs using Guid(4890d1bd03fe4ce41acfdd78df8276e4) Importer(815301076,1909f56bfc062723c751e8b465ee728b)  -> (artifact id: 'dad436589d91c34f1f57848a40bbabbd') in 0.011530 seconds
  Import took 0.018510 seconds .

AssetImportWorkerClient::OnTransportError - code=2 error=End of file
