Using pre-set license
Built from '2020.3/staging' branch; Version is '2020.3.10f1 (297d780c91bc) revision 2719096'; Using compiler version '192528614'; Build Type 'Release'
OS: 'Windows 10 Home; OS build 19042.985; Version 2009; 64bit' Language: 'ru' Physical Memory: 3947 MB
BatchMode: 1, IsHumanControllingUs: 0, StartBugReporterOnCrash: 0, Is64bit: 1, IsPro: 0

 COMMAND LINE ARGUMENTS:
C:\Program Files\Unity\2020.3.10f1\Editor\Unity.exe
-adb2
-batchMode
-noUpm
-name
AssetImportWorker2
-projectPath
C:/Users/1/Desktop/Обучающий проект/TubeRace
-logFile
Logs/AssetImportWorker2.log
-srvPort
54005
Successfully changed project path to: C:/Users/1/Desktop/Обучающий проект/TubeRace
C:/Users/1/Desktop/Обучающий проект/TubeRace
Using Asset Import Pipeline V2.
Refreshing native plugins compatible for Editor in 120.98 ms, found 2 plugins.
Preloading 0 native plugins for Editor in 0.00 ms.
Initialize engine version: 2020.3.10f1 (297d780c91bc)
[Subsystems] Discovering subsystems at path C:/Program Files/Unity/2020.3.10f1/Editor/Data/Resources/UnitySubsystems
[Subsystems] Discovering subsystems at path C:/Users/1/Desktop/Обучающий проект/TubeRace/Assets
GfxDevice: creating device client; threaded=0
Direct3D:
    Version:  Direct3D 11.0 [level 11.0]
    Renderer: NVIDIA GeForce GT 630M (ID=0xde9)
    Vendor:   
    VRAM:     978 MB
    Driver:   21.21.13.7654
Initialize mono
Mono path[0] = 'C:/Program Files/Unity/2020.3.10f1/Editor/Data/Managed'
Mono path[1] = 'C:/Program Files/Unity/2020.3.10f1/Editor/Data/MonoBleedingEdge/lib/mono/unityjit'
Mono config path = 'C:/Program Files/Unity/2020.3.10f1/Editor/Data/MonoBleedingEdge/etc'
Using monoOptions --debugger-agent=transport=dt_socket,embedding=1,server=y,suspend=n,address=127.0.0.1:56244
Begin MonoManager ReloadAssembly
Registering precompiled unity dll's ...
Register platform support module: C:/Program Files/Unity/2020.3.10f1/Editor/Data/PlaybackEngines/WindowsStandaloneSupport/UnityEditor.WindowsStandalone.Extensions.dll
Registered in 0.006053 seconds.
Native extension for WindowsStandalone target not found
Refreshing native plugins compatible for Editor in 108.58 ms, found 2 plugins.
Preloading 0 native plugins for Editor in 0.00 ms.
Mono: successfully reloaded assembly
- Completed reload, in  5.278 seconds
Platform modules already initialized, skipping
Registering precompiled user dll's ...
Registered in 0.011403 seconds.
Begin MonoManager ReloadAssembly
Native extension for WindowsStandalone target not found
Refreshing native plugins compatible for Editor in 0.75 ms, found 2 plugins.
Preloading 0 native plugins for Editor in 0.00 ms.
Mono: successfully reloaded assembly
- Completed reload, in  3.367 seconds
Platform modules already initialized, skipping
========================================================================
Worker process is ready to serve import requests
Launched and connected shader compiler UnityShaderCompiler.exe after 0.41 seconds
Refreshing native plugins compatible for Editor in 1.17 ms, found 2 plugins.
Preloading 0 native plugins for Editor in 0.00 ms.
Unloading 1394 Unused Serialized files (Serialized files now loaded: 0)
System memory in use before: 65.0 MB.
System memory in use after: 65.1 MB.

Unloading 19 unused Assets to reduce memory usage. Loaded Objects now: 1827.
Total: 4.783700 ms (FindLiveObjects: 0.323400 ms CreateObjectMapping: 0.112100 ms MarkObjects: 4.127600 ms  DeleteObjects: 0.217200 ms)

========================================================================
Received Import Request.
  path: Assets/Scripts/RaceTrackLinear.cs
  artifactKey: Guid(928c1e0fed3b4c0469cd7ed7ce6af121) Importer(815301076,1909f56bfc062723c751e8b465ee728b)
Start importing Assets/Scripts/RaceTrackLinear.cs using Guid(928c1e0fed3b4c0469cd7ed7ce6af121) Importer(815301076,1909f56bfc062723c751e8b465ee728b)  -> (artifact id: '73d0f4fde1a2ab754eb419339395b75e') in 0.107773 seconds
  Import took 0.121515 seconds .

========================================================================
Received Prepare
Refreshing native plugins compatible for Editor in 9.59 ms, found 2 plugins.
Preloading 0 native plugins for Editor in 0.00 ms.
Unloading 12 Unused Serialized files (Serialized files now loaded: 0)
System memory in use before: 37.5 MB.
System memory in use after: 37.6 MB.

Unloading 12 unused Assets to reduce memory usage. Loaded Objects now: 1827.
Total: 6.067100 ms (FindLiveObjects: 0.244000 ms CreateObjectMapping: 0.111600 ms MarkObjects: 5.546500 ms  DeleteObjects: 0.160100 ms)

========================================================================
Received Import Request.
  Time since last request: 47.075045 seconds.
  path: Assets/Scripts/RaceTrackLinear.cs
  artifactKey: Guid(928c1e0fed3b4c0469cd7ed7ce6af121) Importer(815301076,1909f56bfc062723c751e8b465ee728b)
Start importing Assets/Scripts/RaceTrackLinear.cs using Guid(928c1e0fed3b4c0469cd7ed7ce6af121) Importer(815301076,1909f56bfc062723c751e8b465ee728b)  -> (artifact id: 'c223b4b17e33fddc8366f970bad659bd') in 0.007867 seconds
  Import took 0.018465 seconds .

========================================================================
Received Prepare
Registering precompiled user dll's ...
Registered in 0.010079 seconds.
Begin MonoManager ReloadAssembly
Native extension for WindowsStandalone target not found
Refreshing native plugins compatible for Editor in 0.99 ms, found 2 plugins.
Preloading 0 native plugins for Editor in 0.00 ms.
Mono: successfully reloaded assembly
- Completed reload, in  2.759 seconds
Platform modules already initialized, skipping
Refreshing native plugins compatible for Editor in 0.69 ms, found 2 plugins.
Preloading 0 native plugins for Editor in 0.00 ms.
Unloading 1389 Unused Serialized files (Serialized files now loaded: 0)
System memory in use before: 65.0 MB.
System memory in use after: 65.0 MB.

Unloading 14 unused Assets to reduce memory usage. Loaded Objects now: 1830.
Total: 6.244600 ms (FindLiveObjects: 0.371900 ms CreateObjectMapping: 0.115500 ms MarkObjects: 5.557900 ms  DeleteObjects: 0.196000 ms)

AssetImportWorkerClient::OnTransportError - code=2 error=End of file
