Using pre-set license
Built from '2020.3/staging' branch; Version is '2020.3.10f1 (297d780c91bc) revision 2719096'; Using compiler version '192528614'; Build Type 'Release'
OS: 'Windows 10 Home; OS build 19042.985; Version 2009; 64bit' Language: 'ru' Physical Memory: 3947 MB
BatchMode: 1, IsHumanControllingUs: 0, StartBugReporterOnCrash: 0, Is64bit: 1, IsPro: 0

 COMMAND LINE ARGUMENTS:
C:\Program Files\Unity\2020.3.10f1\Editor\Unity.exe
-adb2
-batchMode
-noUpm
-name
AssetImportWorker3
-projectPath
C:/Users/1/Desktop/Обучающий проект/TubeRace
-logFile
Logs/AssetImportWorker3.log
-srvPort
56926
Successfully changed project path to: C:/Users/1/Desktop/Обучающий проект/TubeRace
C:/Users/1/Desktop/Обучающий проект/TubeRace
Using Asset Import Pipeline V2.
Refreshing native plugins compatible for Editor in 315.32 ms, found 2 plugins.
Preloading 0 native plugins for Editor in 0.00 ms.
Initialize engine version: 2020.3.10f1 (297d780c91bc)
[Subsystems] Discovering subsystems at path C:/Program Files/Unity/2020.3.10f1/Editor/Data/Resources/UnitySubsystems
[Subsystems] Discovering subsystems at path C:/Users/1/Desktop/Обучающий проект/TubeRace/Assets
GfxDevice: creating device client; threaded=0
Direct3D:
    Version:  Direct3D 11.0 [level 11.0]
    Renderer: NVIDIA GeForce GT 630M (ID=0xde9)
    Vendor:   
    VRAM:     978 MB
    Driver:   21.21.13.7654
Initialize mono
Mono path[0] = 'C:/Program Files/Unity/2020.3.10f1/Editor/Data/Managed'
Mono path[1] = 'C:/Program Files/Unity/2020.3.10f1/Editor/Data/MonoBleedingEdge/lib/mono/unityjit'
Mono config path = 'C:/Program Files/Unity/2020.3.10f1/Editor/Data/MonoBleedingEdge/etc'
Using monoOptions --debugger-agent=transport=dt_socket,embedding=1,server=y,suspend=n,address=127.0.0.1:56136
Begin MonoManager ReloadAssembly
Registering precompiled unity dll's ...
Register platform support module: C:/Program Files/Unity/2020.3.10f1/Editor/Data/PlaybackEngines/WindowsStandaloneSupport/UnityEditor.WindowsStandalone.Extensions.dll
Registered in 0.008259 seconds.
Native extension for WindowsStandalone target not found
Refreshing native plugins compatible for Editor in 87.95 ms, found 2 plugins.
Preloading 0 native plugins for Editor in 0.00 ms.
Mono: successfully reloaded assembly
- Completed reload, in  7.941 seconds
Platform modules already initialized, skipping
Registering precompiled user dll's ...
Registered in 0.037590 seconds.
Begin MonoManager ReloadAssembly
Native extension for WindowsStandalone target not found
Refreshing native plugins compatible for Editor in 0.79 ms, found 2 plugins.
Preloading 0 native plugins for Editor in 0.00 ms.
Mono: successfully reloaded assembly
- Completed reload, in  3.581 seconds
Platform modules already initialized, skipping
========================================================================
Worker process is ready to serve import requests
Launched and connected shader compiler UnityShaderCompiler.exe after 0.23 seconds
Refreshing native plugins compatible for Editor in 1.44 ms, found 2 plugins.
Preloading 0 native plugins for Editor in 0.00 ms.
Unloading 1396 Unused Serialized files (Serialized files now loaded: 0)
System memory in use before: 65.0 MB.
System memory in use after: 65.1 MB.

Unloading 19 unused Assets to reduce memory usage. Loaded Objects now: 1829.
Total: 14.562200 ms (FindLiveObjects: 0.753300 ms CreateObjectMapping: 0.148900 ms MarkObjects: 12.812800 ms  DeleteObjects: 0.843300 ms)

========================================================================
Received Import Request.
  path: Assets/Scripts/Bike.cs
  artifactKey: Guid(f1a7cd941c0bd24439627d26c8595029) Importer(815301076,1909f56bfc062723c751e8b465ee728b)
Start importing Assets/Scripts/Bike.cs using Guid(f1a7cd941c0bd24439627d26c8595029) Importer(815301076,1909f56bfc062723c751e8b465ee728b)  -> (artifact id: '19a8a0499f2fee0eea8f1cdb02b47c62') in 0.143788 seconds
  Import took 0.152048 seconds .

========================================================================
Received Import Request.
  Time since last request: 1312.052590 seconds.
  path: Assets/Scripts/Bike.cs
  artifactKey: Guid(f1a7cd941c0bd24439627d26c8595029) Importer(815301076,1909f56bfc062723c751e8b465ee728b)
Start importing Assets/Scripts/Bike.cs using Guid(f1a7cd941c0bd24439627d26c8595029) Importer(815301076,1909f56bfc062723c751e8b465ee728b)  -> (artifact id: 'feb7ffef7dc78ce30520e0f956679bf6') in 0.044253 seconds
  Import took 0.431318 seconds .

========================================================================
Received Import Request.
  Time since last request: 0.438469 seconds.
  path: Assets/Scripts/Bike.cs
  artifactKey: Guid(f1a7cd941c0bd24439627d26c8595029) Importer(815301076,1909f56bfc062723c751e8b465ee728b)
Start importing Assets/Scripts/Bike.cs using Guid(f1a7cd941c0bd24439627d26c8595029) Importer(815301076,1909f56bfc062723c751e8b465ee728b)  -> (artifact id: 'feb7ffef7dc78ce30520e0f956679bf6') in 0.011641 seconds
  Import took 0.017521 seconds .

========================================================================
Received Prepare
Registering precompiled user dll's ...
Registered in 0.239176 seconds.
Begin MonoManager ReloadAssembly
Native extension for WindowsStandalone target not found
Refreshing native plugins compatible for Editor in 15.82 ms, found 2 plugins.
Preloading 0 native plugins for Editor in 0.00 ms.
Mono: successfully reloaded assembly
- Completed reload, in 38.793 seconds
Platform modules already initialized, skipping
Refreshing native plugins compatible for Editor in 4.23 ms, found 2 plugins.
Preloading 0 native plugins for Editor in 0.00 ms.
Unloading 1391 Unused Serialized files (Serialized files now loaded: 0)
System memory in use before: 65.0 MB.
System memory in use after: 65.0 MB.

Unloading 14 unused Assets to reduce memory usage. Loaded Objects now: 1832.
Total: 100.791100 ms (FindLiveObjects: 1.494100 ms CreateObjectMapping: 0.606200 ms MarkObjects: 97.713000 ms  DeleteObjects: 0.970900 ms)

========================================================================
Received Prepare
Registering precompiled user dll's ...
Registered in 0.113486 seconds.
Begin MonoManager ReloadAssembly
Native extension for WindowsStandalone target not found
Refreshing native plugins compatible for Editor in 0.98 ms, found 2 plugins.
Preloading 0 native plugins for Editor in 0.00 ms.
Mono: successfully reloaded assembly
- Completed reload, in  4.236 seconds
Platform modules already initialized, skipping
Refreshing native plugins compatible for Editor in 0.69 ms, found 2 plugins.
Preloading 0 native plugins for Editor in 0.00 ms.
Unloading 1391 Unused Serialized files (Serialized files now loaded: 0)
System memory in use before: 65.0 MB.
System memory in use after: 65.1 MB.

Unloading 14 unused Assets to reduce memory usage. Loaded Objects now: 1835.
Total: 14.595600 ms (FindLiveObjects: 1.189700 ms CreateObjectMapping: 0.164500 ms MarkObjects: 12.646400 ms  DeleteObjects: 0.581700 ms)

========================================================================
Received Import Request.
  Time since last request: 5250.669788 seconds.
  path: Assets/Scripts/Bike.cs
  artifactKey: Guid(f1a7cd941c0bd24439627d26c8595029) Importer(815301076,1909f56bfc062723c751e8b465ee728b)
Start importing Assets/Scripts/Bike.cs using Guid(f1a7cd941c0bd24439627d26c8595029) Importer(815301076,1909f56bfc062723c751e8b465ee728b)  -> (artifact id: '8849ba6e2579bd54d9bcd8b009913b68') in 0.020719 seconds
  Import took 0.029454 seconds .

========================================================================
Received Prepare
Registering precompiled user dll's ...
Registered in 0.138167 seconds.
Begin MonoManager ReloadAssembly
Native extension for WindowsStandalone target not found
Refreshing native plugins compatible for Editor in 1.43 ms, found 2 plugins.
Preloading 0 native plugins for Editor in 0.00 ms.
Mono: successfully reloaded assembly
- Completed reload, in 10.482 seconds
Platform modules already initialized, skipping
Refreshing native plugins compatible for Editor in 1.79 ms, found 2 plugins.
Preloading 0 native plugins for Editor in 0.00 ms.
Unloading 1391 Unused Serialized files (Serialized files now loaded: 0)
System memory in use before: 65.0 MB.
System memory in use after: 65.1 MB.

Unloading 14 unused Assets to reduce memory usage. Loaded Objects now: 1838.
Total: 11.178900 ms (FindLiveObjects: 0.436100 ms CreateObjectMapping: 0.218000 ms MarkObjects: 10.186600 ms  DeleteObjects: 0.332300 ms)

========================================================================
Received Prepare
Registering precompiled user dll's ...
Registered in 0.029236 seconds.
Begin MonoManager ReloadAssembly
Native extension for WindowsStandalone target not found
Refreshing native plugins compatible for Editor in 2.11 ms, found 2 plugins.
Preloading 0 native plugins for Editor in 0.00 ms.
Mono: successfully reloaded assembly
- Completed reload, in  9.517 seconds
Platform modules already initialized, skipping
Refreshing native plugins compatible for Editor in 1.32 ms, found 2 plugins.
Preloading 0 native plugins for Editor in 0.00 ms.
Unloading 1391 Unused Serialized files (Serialized files now loaded: 0)
System memory in use before: 65.0 MB.
System memory in use after: 65.1 MB.

Unloading 14 unused Assets to reduce memory usage. Loaded Objects now: 1841.
Total: 12.770800 ms (FindLiveObjects: 0.872500 ms CreateObjectMapping: 0.348900 ms MarkObjects: 11.249000 ms  DeleteObjects: 0.293800 ms)

========================================================================
Received Prepare
Registering precompiled user dll's ...
Registered in 0.039115 seconds.
Begin MonoManager ReloadAssembly
Native extension for WindowsStandalone target not found
Refreshing native plugins compatible for Editor in 1.52 ms, found 2 plugins.
Preloading 0 native plugins for Editor in 0.00 ms.
Mono: successfully reloaded assembly
- Completed reload, in  7.487 seconds
Platform modules already initialized, skipping
Refreshing native plugins compatible for Editor in 1.31 ms, found 2 plugins.
Preloading 0 native plugins for Editor in 0.00 ms.
Unloading 1391 Unused Serialized files (Serialized files now loaded: 0)
System memory in use before: 65.0 MB.
System memory in use after: 65.1 MB.

Unloading 14 unused Assets to reduce memory usage. Loaded Objects now: 1844.
Total: 14.714700 ms (FindLiveObjects: 0.442600 ms CreateObjectMapping: 0.216400 ms MarkObjects: 13.706900 ms  DeleteObjects: 0.343000 ms)

========================================================================
Received Prepare
Registering precompiled user dll's ...
Registered in 0.036991 seconds.
Begin MonoManager ReloadAssembly
Native extension for WindowsStandalone target not found
Refreshing native plugins compatible for Editor in 0.76 ms, found 2 plugins.
Preloading 0 native plugins for Editor in 0.00 ms.
Mono: successfully reloaded assembly
- Completed reload, in  3.218 seconds
Platform modules already initialized, skipping
Refreshing native plugins compatible for Editor in 0.92 ms, found 2 plugins.
Preloading 0 native plugins for Editor in 0.00 ms.
Unloading 1391 Unused Serialized files (Serialized files now loaded: 0)
System memory in use before: 65.0 MB.
System memory in use after: 65.1 MB.

Unloading 14 unused Assets to reduce memory usage. Loaded Objects now: 1847.
Total: 4.557900 ms (FindLiveObjects: 0.243400 ms CreateObjectMapping: 0.113500 ms MarkObjects: 4.036500 ms  DeleteObjects: 0.161300 ms)

========================================================================
Received Prepare
Registering precompiled user dll's ...
Registered in 0.037158 seconds.
Begin MonoManager ReloadAssembly
Native extension for WindowsStandalone target not found
Refreshing native plugins compatible for Editor in 1.31 ms, found 2 plugins.
Preloading 0 native plugins for Editor in 0.00 ms.
Mono: successfully reloaded assembly
- Completed reload, in  7.199 seconds
Platform modules already initialized, skipping
Refreshing native plugins compatible for Editor in 1.27 ms, found 2 plugins.
Preloading 0 native plugins for Editor in 0.00 ms.
Unloading 1391 Unused Serialized files (Serialized files now loaded: 0)
System memory in use before: 65.0 MB.
System memory in use after: 65.1 MB.

Unloading 14 unused Assets to reduce memory usage. Loaded Objects now: 1850.
Total: 7.787300 ms (FindLiveObjects: 0.433000 ms CreateObjectMapping: 0.213600 ms MarkObjects: 6.920700 ms  DeleteObjects: 0.215000 ms)

========================================================================
Received Prepare
Registering precompiled user dll's ...
Registered in 0.105687 seconds.
Begin MonoManager ReloadAssembly
Native extension for WindowsStandalone target not found
Refreshing native plugins compatible for Editor in 5.40 ms, found 2 plugins.
Preloading 0 native plugins for Editor in 0.00 ms.
Mono: successfully reloaded assembly
- Completed reload, in  9.893 seconds
Platform modules already initialized, skipping
Refreshing native plugins compatible for Editor in 1.48 ms, found 2 plugins.
Preloading 0 native plugins for Editor in 0.00 ms.
Unloading 1391 Unused Serialized files (Serialized files now loaded: 0)
System memory in use before: 65.0 MB.
System memory in use after: 65.1 MB.

Unloading 14 unused Assets to reduce memory usage. Loaded Objects now: 1853.
Total: 41.104700 ms (FindLiveObjects: 1.180300 ms CreateObjectMapping: 0.435800 ms MarkObjects: 39.142200 ms  DeleteObjects: 0.337500 ms)

========================================================================
Received Prepare
Registering precompiled user dll's ...
Registered in 0.021180 seconds.
Begin MonoManager ReloadAssembly
Native extension for WindowsStandalone target not found
Refreshing native plugins compatible for Editor in 1.41 ms, found 2 plugins.
Preloading 0 native plugins for Editor in 0.00 ms.
Mono: successfully reloaded assembly
- Completed reload, in  7.060 seconds
Platform modules already initialized, skipping
Refreshing native plugins compatible for Editor in 2.61 ms, found 2 plugins.
Preloading 0 native plugins for Editor in 0.00 ms.
Unloading 1391 Unused Serialized files (Serialized files now loaded: 0)
System memory in use before: 65.0 MB.
System memory in use after: 65.1 MB.

Unloading 14 unused Assets to reduce memory usage. Loaded Objects now: 1856.
Total: 8.703500 ms (FindLiveObjects: 0.427500 ms CreateObjectMapping: 0.214600 ms MarkObjects: 7.832200 ms  DeleteObjects: 0.223500 ms)

========================================================================
Received Prepare
Registering precompiled user dll's ...
Registered in 0.029879 seconds.
Begin MonoManager ReloadAssembly
Native extension for WindowsStandalone target not found
Refreshing native plugins compatible for Editor in 2.63 ms, found 2 plugins.
Preloading 0 native plugins for Editor in 0.00 ms.
Mono: successfully reloaded assembly
- Completed reload, in 11.282 seconds
Platform modules already initialized, skipping
Refreshing native plugins compatible for Editor in 3.93 ms, found 2 plugins.
Preloading 0 native plugins for Editor in 0.00 ms.
Unloading 1391 Unused Serialized files (Serialized files now loaded: 0)
System memory in use before: 65.0 MB.
System memory in use after: 65.1 MB.

Unloading 14 unused Assets to reduce memory usage. Loaded Objects now: 1859.
Total: 13.103900 ms (FindLiveObjects: 0.723100 ms CreateObjectMapping: 0.266500 ms MarkObjects: 11.571800 ms  DeleteObjects: 0.535400 ms)

